2019-09-21 01:12:22 - root - INFO -server -35:  admin用户，登录系统
2019-09-21 01:12:55 - root - INFO -server -99:  admin用户上传了malingang.py文件
2019-09-21 01:13:06 - root - INFO -server -99:  admin用户上传了malingang.py文件
2019-09-21 01:13:14 - root - INFO -server -112:  admin用户下载了malingang.py文件
2019-09-21 01:13:29 - root - WARNING -server -119:  admin用户，退出登录!
2019-09-21 01:13:29 - root - WARNING -server -122:  admin用户，断开连接!
2019-09-21 01:13:43 - root - WARNING -server -39:  test用户，登录失败
2019-09-21 01:13:50 - root - WARNING -server -122:  test用户，断开连接!
2019-09-21 01:14:42 - root - INFO -server -35:  admin用户，登录系统
2019-09-21 01:15:04 - root - INFO -server -99:  admin用户上传了malingang.py文件
2019-09-21 01:15:06 - root - WARNING -server -119:  admin用户，退出登录!
2019-09-21 01:15:06 - root - WARNING -server -122:  admin用户，断开连接!
2019-09-21 01:15:45 - root - INFO -server -35:  test用户，登录系统
2019-09-21 01:16:10 - root - INFO -server -99:  test用户上传了linux.mkv文件
2019-09-21 01:16:12 - root - WARNING -server -119:  test用户，退出登录!
2019-09-21 01:16:12 - root - WARNING -server -122:  test用户，断开连接!
2019-09-21 16:30:29 - root - WARNING -server -39:  admin用户，登录失败
2019-09-21 16:30:34 - root - INFO -server -35:  admin用户，登录系统
2019-09-21 16:30:43 - root - INFO -server -99:  admin用户上传了test.jpg文件
2019-09-21 16:31:14 - root - INFO -server -99:  admin用户上传了linux.mkv文件
2019-09-21 16:31:37 - root - INFO -server -112:  admin用户下载了linux.mkv文件
2019-09-21 16:31:41 - root - WARNING -server -119:  admin用户，退出登录!
2019-09-21 16:31:41 - root - WARNING -server -122:  admin用户，断开连接!
2019-09-21 16:41:39 - root - INFO -server -35:  admin用户，登录系统
2019-09-21 16:41:50 - root - WARNING -server -136:  admin用户，断开连接!
2019-09-21 16:43:02 - root - INFO -server -35:  admin用户，登录系统
2019-09-21 16:45:11 - root - INFO -server -35:  admin用户，登录系统
2019-09-21 16:45:22 - root - WARNING -server -136:  admin用户，断开连接!
2019-09-21 16:45:57 - root - WARNING -server -39:  admin用户，登录失败
2019-09-21 16:46:02 - root - INFO -server -35:  test用户，登录系统
2019-09-21 16:46:13 - root - WARNING -server -136:  test用户，断开连接!
2019-09-21 16:49:28 - root - WARNING -server -39:  test用户，登录失败
2019-09-21 16:49:33 - root - INFO -server -35:  test用户，登录系统
2019-09-21 16:49:41 - root - WARNING -server -136:  test用户，断开连接!
2019-09-21 16:53:45 - root - INFO -server -35:  admin用户，登录系统
2019-09-21 16:53:57 - root - WARNING -server -135:  admin用户，断开连接!
2019-09-21 16:55:44 - root - INFO -server -35:  admin用户，登录系统
2019-09-21 16:55:54 - root - INFO -server -99:  admin用户上传了malingang.py文件
2019-09-21 16:56:05 - root - INFO -server -99:  admin用户上传了test.jpg文件
2019-09-21 16:56:13 - root - INFO -server -112:  admin用户下载了malingang.py文件
2019-09-21 16:56:14 - root - WARNING -server -119:  admin用户，退出登录!
2019-09-21 16:56:14 - root - WARNING -server -122:  admin用户，断开连接!
2019-09-21 18:28:58 - root - INFO -server -35:  admin用户，登录系统
2019-09-21 18:29:07 - root - WARNING -server -138:  admin用户，断开连接!
2019-09-21 18:32:04 - root - INFO -server -35:  admin用户，登录系统
2019-09-21 18:33:23 - root - INFO -server -35:  admin用户，登录系统
2019-09-21 18:37:53 - root - INFO -server -35:  admin用户，登录系统
2019-09-21 18:48:19 - root - INFO -server -35:  admin用户，登录系统
2019-09-21 18:48:28 - root - INFO -server -83:  admin用户上传了malingang.py文件
2019-09-21 18:48:39 - root - INFO -server -83:  admin用户上传了test.jpg文件
2019-09-21 18:55:40 - root - INFO -server -35:  test用户，登录系统
2019-09-21 18:55:52 - root - INFO -server -83:  test用户上传了a.jpg文件
2019-09-21 18:56:19 - root - INFO -server -83:  test用户上传了malingang.py文件
2019-09-21 18:56:28 - root - WARNING -server -102:  没有a文件
2019-09-21 18:56:35 - root - INFO -server -97:  test用户下载了a.jpg文件
2019-09-21 18:56:35 - root - INFO -server -98:  test用户下载了a.jpg文件
2019-09-21 18:56:44 - root - INFO -server -97:  test用户下载了test.jpg文件
2019-09-21 18:56:44 - root - INFO -server -98:  test用户下载了test.jpg文件
2019-09-21 19:02:33 - root - INFO -server -35:  admin用户，登录系统
2019-09-21 19:02:34 - root - WARNING -server -106:  admin用户，退出登录!
2019-09-21 19:02:55 - root - INFO -server -35:  admin用户，登录系统
2019-09-21 19:02:56 - root - WARNING -server -106:  admin用户，退出登录!
2019-09-21 19:05:36 - root - INFO -server -35:  admin用户，登录系统
2019-09-21 19:05:36 - root - WARNING -server -106:  admin用户，退出登录!
2019-09-21 19:05:36 - root - WARNING -server -132:  admin用户，断开连接!
2019-09-21 19:21:13 - root - WARNING -server -39:  admin用户，登录失败
2019-09-21 19:21:17 - root - INFO -server -35:  admin用户，登录系统
2019-09-21 19:21:25 - root - WARNING -server -133:  admin用户，断开连接!
2019-09-21 19:25:27 - root - INFO -server -35:  admin用户，登录系统
2019-09-21 19:25:35 - root - WARNING -server -134:  admin用户，断开连接!
2019-09-21 19:33:05 - root - WARNING -server -39:  admin用户，登录失败
2019-09-21 19:33:10 - root - INFO -server -35:  test用户，登录系统
2019-09-21 19:33:18 - root - WARNING -server -132:  test用户，断开连接!
2019-09-21 19:34:08 - root - INFO -server -35:  test用户，登录系统
2019-09-21 19:34:30 - root - WARNING -server -132:  test用户，断开连接!
2019-09-21 19:36:09 - root - INFO -server -35:  admin用户，登录系统
2019-09-21 19:36:17 - root - INFO -server -85:  admin用户上传了malingang.py文件
2019-09-21 19:36:41 - root - INFO -server -85:  admin用户上传了test.jpg文件
2019-09-21 19:40:04 - root - INFO -server -35:  admin用户，登录系统
2019-09-21 19:40:06 - root - WARNING -server -110:  admin用户，退出登录!
2019-09-21 19:41:11 - root - INFO -server -35:  admin用户，登录系统
2019-09-21 19:41:12 - root - WARNING -server -109:  admin用户，退出登录!
2019-09-21 19:44:13 - root - INFO -server -35:  test用户，登录系统
2019-09-21 19:45:34 - root - INFO -server -35:  admin用户，登录系统
2019-09-21 19:46:07 - root - INFO -server -85:  admin用户上传了a.jpg文件
2019-09-21 19:47:05 - root - INFO -server -85:  admin用户上传了test.jpg文件
2019-09-21 19:47:17 - root - INFO -server -100:  admin用户下载了malingang.py文件
2019-09-21 19:47:21 - root - INFO -server -100:  admin用户下载了a.jpg文件
2019-09-21 19:47:28 - root - WARNING -server -109:  admin用户，退出登录!
2019-09-21 19:49:57 - root - WARNING -server -39:  test用户，登录失败
2019-09-21 19:50:02 - root - INFO -server -35:  test用户，登录系统
2019-09-21 19:50:15 - root - INFO -server -85:  test用户上传了a.jpg文件
2019-09-21 19:50:23 - root - WARNING -server -129:  test用户，断开连接!
2019-09-21 19:53:22 - root - INFO -server -35:  admin用户，登录系统
2019-09-21 19:53:26 - root - WARNING -server -129:  admin用户，断开连接!
2019-09-21 20:01:25 - root - INFO -server -35:  admin用户，登录系统
2019-09-21 20:01:26 - root - WARNING -server -109:  admin用户，退出登录!
2019-09-21 20:01:26 - root - WARNING -server -129:  admin用户，断开连接!
2019-09-21 20:05:55 - root - INFO -server -35:  admin用户，登录系统
2019-09-21 20:06:00 - root - INFO -server -100:  admin用户下载了malingang.py文件
2019-09-21 20:06:09 - root - INFO -server -85:  admin用户上传了malingang.py文件
2019-09-21 20:06:19 - root - INFO -server -85:  admin用户上传了a.jpg文件
2019-09-21 20:06:20 - root - WARNING -server -109:  admin用户，退出登录!
2019-09-21 20:06:20 - root - WARNING -server -129:  admin用户，断开连接!
2019-09-21 20:13:46 - root - INFO -server -35:  admin用户，登录系统
2019-09-21 20:13:54 - root - INFO -server -85:  admin用户上传了malingang.py文件
2019-09-21 20:14:00 - root - WARNING -server -104:  没有a.文件
2019-09-21 20:14:02 - root - WARNING -server -129:  admin用户，断开连接!
2019-09-21 20:14:18 - root - INFO -server -35:  test用户，登录系统
2019-09-21 20:14:26 - root - INFO -server -100:  test用户下载了a.jpg文件
2019-09-21 20:14:30 - root - INFO -server -100:  test用户下载了malingang.py文件
2019-09-21 20:14:32 - root - WARNING -server -109:  test用户，退出登录!
2019-09-21 20:14:32 - root - WARNING -server -129:  test用户，断开连接!
2019-09-21 20:15:04 - root - INFO -server -35:  test用户，登录系统
2019-09-21 20:15:17 - root - WARNING -server -109:  test用户，退出登录!
2019-09-21 20:15:17 - root - WARNING -server -129:  test用户，断开连接!
